Autobuilder: Building package: libsmb2
Autobuilder: Detected 2 CPUs: set AB_CPUS to use more or fewer (eg in case build breaks)
Autobuilder: Fetching source for libsmb2
2020-07-14 16:48:14 URL:https://codeload.github.com/sahlberg/libsmb2/tar.gz/v3.0.0 [129442] -> "v3.0.0.tar.gz" [1]
Autobuilder: source directory is /home/rob/projects/gccsdk/build/libsmb2/libsmb2-3.0.0
Autobuilder: Calling setvars
Autobuilder: Running make command: /home/rob/projects/gccsdk/env/ro-make
-- The C compiler identification is GNU 4.7.4
-- Check for working C compiler: /home/rob/projects/gccsdk/cross/bin/arm-unknown-riscos-gcc
-- Check for working C compiler: /home/rob/projects/gccsdk/cross/bin/arm-unknown-riscos-gcc -- works
-- Detecting C compiler ABI info
-- Detecting C compiler ABI info - done
-- Detecting C compile features
-- Detecting C compile features - done
-- Could NOT find GSSAPI (missing: GSSAPI_LIBRARY GSSAPI_INCLUDE_DIR) 
-- Found OpenSSL: /home/rob/projects/gccsdk/env/lib/libcrypto.a (found version "1.0.2u")  
-- Looking for arpa/inet.h
-- Looking for arpa/inet.h - found
-- Looking for dlfcn.h
-- Looking for dlfcn.h - found
-- Looking for gssapi/gssapi.h
-- Looking for gssapi/gssapi.h - not found
-- Looking for inttypes.h
-- Looking for inttypes.h - found
-- Looking for memory.h
-- Looking for memory.h - found
-- Looking for netdb.h
-- Looking for netdb.h - found
-- Looking for netinet/in.h
-- Looking for netinet/in.h - found
-- Looking for netinet/tcp.h
-- Looking for netinet/tcp.h - found
-- Looking for net/if.h
-- Looking for net/if.h - found
-- Looking for poll.h
-- Looking for poll.h - found
-- Looking for stdint.h
-- Looking for stdint.h - found
-- Looking for stdlib.h
-- Looking for stdlib.h - found
-- Looking for strings.h
-- Looking for strings.h - found
-- Looking for string.h
-- Looking for string.h - found
-- Looking for sys/filio.h
-- Looking for sys/filio.h - not found
-- Looking for sys/ioctl.h
-- Looking for sys/ioctl.h - found
-- Looking for sys/socket.h
-- Looking for sys/socket.h - found
-- Looking for sys/sockio.h
-- Looking for sys/sockio.h - not found
-- Looking for sys/statvfs.h
-- Looking for sys/statvfs.h - not found
-- Looking for sys/stat.h
-- Looking for sys/stat.h - found
-- Looking for sys/sysmacros.h
-- Looking for sys/sysmacros.h - found
-- Looking for sys/time.h
-- Looking for sys/time.h - found
-- Looking for sys/types.h
-- Looking for sys/types.h - found
-- Looking for sys/uio.h
-- Looking for sys/uio.h - found
-- Looking for sys/vfs.h
-- Looking for sys/vfs.h - found
-- Looking for unistd.h
-- Looking for unistd.h - found
-- Looking for utime.h
-- Looking for utime.h - found
-- Looking for stddef.h
-- Looking for stddef.h - found
-- Performing Test HAVE_SOCKADDR_LEN
-- Performing Test HAVE_SOCKADDR_LEN - Success
-- Performing Test HAVE_SOCKADDR_STORAGE
-- Performing Test HAVE_SOCKADDR_STORAGE - Success
-- Looking for makedev
-- Looking for makedev - not found
-- Looking for makedev
-- Looking for makedev - found
-- Performing Test C_ACCEPTS_WALL
-- Performing Test C_ACCEPTS_WALL - Success
-- Configuring done
-- Generating done
CMake Warning:
  Manually-specified variables were not used by the project:

    BUILD_CLAR
    RISCOS
    THREADSAFE


-- Build files have been written to: /home/rob/projects/gccsdk/build/libsmb2/libsmb2-3.0.0
Scanning dependencies of target smb2
[  2%] Building C object lib/CMakeFiles/smb2.dir/alloc.c.obj
[  2%] Building C object lib/CMakeFiles/smb2.dir/aes.c.obj
[  4%] Building C object lib/CMakeFiles/smb2.dir/dcerpc.c.obj
[  5%] Building C object lib/CMakeFiles/smb2.dir/dcerpc-srvsvc.c.obj
[  7%] Building C object lib/CMakeFiles/smb2.dir/errors.c.obj
[  8%] Building C object lib/CMakeFiles/smb2.dir/init.c.obj
/home/rob/projects/gccsdk/build/libsmb2/libsmb2-3.0.0/lib/errors.c: In function 'nterror_to_errno':
/home/rob/projects/gccsdk/build/libsmb2/libsmb2-3.0.0/lib/errors.c:207:24: error: 'ENODATA' undeclared (first use in this function)
/home/rob/projects/gccsdk/build/libsmb2/libsmb2-3.0.0/lib/errors.c:207:24: note: each undeclared identifier is reported only once for each function it appears in
make[2]: *** [lib/CMakeFiles/smb2.dir/build.make:115: lib/CMakeFiles/smb2.dir/errors.c.obj] Error 1
make[2]: *** Waiting for unfinished jobs....
make[1]: *** [CMakeFiles/Makefile2:461: lib/CMakeFiles/smb2.dir/all] Error 2
make: *** [Makefile:130: all] Error 2
